<?xml version="1.0" encoding="UTF-8"?>
<!-- Generated by org.testng.reporters.JUnitReportReporter -->
<testsuite hostname="DESKTOP-0U795Q3" failures="0" tests="1" name="TestRunner.Cucu_TestRunner" time="0.233" errors="0" timestamp="2024-01-30T18:04:56 IST" skipped="0">
  <testcase classname="TestRunner.Cucu_TestRunner" name="runScenario" time="0.233"/>
  <system-out/>
</testsuite> <!-- TestRunner.Cucu_TestRunner -->
